Arguments: 
  /usr/local/Cellar/node/18.8.0_1/bin/node /usr/local/Cellar/yarn/1.22.17_2/libexec/bin/yarn.js publish

PATH: 
  /usr/local/bin:/usr/bin:/bin:/usr/sbin:/sbin:/Library/Apple/usr/bin

Yarn version: 
  1.22.17

Node version: 
  18.8.0

Platform: 
  darwin x64

Trace: 
  Error: canceled
      at Interface.<anonymous> (/usr/local/Cellar/yarn/1.22.17_2/libexec/lib/cli.js:137143:13)
      at Interface.emit (node:events:513:28)
      at [_ttyWrite] [as _ttyWrite] (node:internal/readline/interface:1124:18)
      at ReadStream.onkeypress (node:internal/readline/interface:273:20)
      at ReadStream.emit (node:events:513:28)
      at emitKeys (node:internal/readline/utils:357:14)
      at emitKeys.next (<anonymous>)
      at ReadStream.onData (node:internal/readline/emitKeypressEvents:64:36)
      at ReadStream.emit (node:events:513:28)
      at addChunk (node:internal/streams/readable:324:12)

npm manifest: 
  {
    "name": "@everapi/emailvalidation-js",
    "version": "1.0.3",
    "description": "A JavaScript wrapper for the emailvalidation.io API",
    "main": "index.js",
    "type": "module",
    "repository": {
      "type": "git",
      "url": "git+https://github.com/everapihq/emailvalidation-js.git"
    },
    "keywords": [
      "emailvalidation",
      "api",
      "Email Validation",
      "Email Validation API",
      "Email Verification",
      "Email Verification API",
      "Email Batch Validation"
    ],
    "author": "Clemens Ehrenreich",
    "bugs": {
      "url": "https://github.com/everapihq/emailvalidation-js/issues"
    },
    "scripts": {
      "test": "echo \"Error: no test specified\" && exit 1"
    },
    "homepage": "https://github.com/everapihq/emailvalidation-js#readme",
    "license": "MIT"
  }

yarn manifest: 
  No manifest

Lockfile: 
  # THIS IS AN AUTOGENERATED FILE. DO NOT EDIT THIS FILE DIRECTLY.
  # yarn lockfile v1
